<?xml version="1.0" encoding="UTF-8"?>
<!-- Generated by org.testng.reporters.JUnitReportReporter -->
<testsuite hostname="LAPTOP-8UO1LSFM" failures="0" tests="6" name="p2.t1" time="0.019" errors="0" timestamp="2023-08-16T23:30:32 SGT" skipped="1">
  <testcase classname="p2.t1" name="m2" time="0.013"/>
  <testcase classname="p2.t1" name="m3" time="0.002"/>
  <testcase classname="p2.t1" name="m3" time="0.001"/>
  <testcase classname="p2.t1" name="m3" time="0.001"/>
  <testcase classname="p2.t1" name="m3" time="0.002"/>
  <testcase classname="p2.t1" name="m1">
    <skipped/>
  </testcase> <!-- m1 -->
</testsuite> <!-- p2.t1 -->
