<?xml version="1.0" encoding="UTF-8"?>
<!-- Generated by org.testng.reporters.JUnitReportReporter -->
<testsuite hostname="LAPTOP-8UO1LSFM" failures="0" tests="3" name="p2.ext1" time="0.013" errors="0" timestamp="2023-08-14T01:19:40 SGT" skipped="0">
  <testcase classname="p2.ext1" name="a" time="0.010"/>
  <testcase classname="p2.ext1" name="a1" time="0.001"/>
  <testcase classname="p2.ext1" name="b1" time="0.002"/>
</testsuite> <!-- p2.ext1 -->
