<?xml version="1.0" encoding="UTF-8"?>
<!-- Generated by org.testng.reporters.JUnitReportReporter -->
<testsuite hostname="LAPTOP-8UO1LSFM" failures="0" tests="2" name="p3.rt1" time="1.009" errors="0" timestamp="2023-08-12T11:29:45 SGT" skipped="0">
  <testcase classname="p3.rt1" name="t1" time="0.268"/>
  <testcase classname="p3.rt1" name="t2" time="0.741"/>
</testsuite> <!-- p3.rt1 -->
