<?xml version="1.0" encoding="UTF-8"?>
<!-- Generated by org.testng.reporters.JUnitReportReporter -->
<testsuite hostname="LAPTOP-8UO1LSFM" failures="0" tests="3" name="p2.t4" time="0.009" errors="0" timestamp="2023-08-12T11:01:57 SGT" skipped="0">
  <testcase classname="p2.t4" name="a" time="0.006"/>
  <testcase classname="p2.t4" name="b" time="0.001"/>
  <testcase classname="p2.t4" name="c" time="0.002"/>
</testsuite> <!-- p2.t4 -->
