<?xml version="1.0" encoding="UTF-8"?>
<!-- Generated by org.testng.reporters.JUnitReportReporter -->
<testsuite hostname="LAPTOP-8UO1LSFM" failures="0" tests="7" name="p3.realtime" time="5.666" errors="0" timestamp="2023-08-18T23:29:45 SGT" skipped="0">
  <testcase classname="p3.realtime" name="visiting" time="1.387"/>
  <testcase classname="p3.realtime" name="max" time="0.118"/>
  <testcase classname="p3.realtime" name="refresh" time="0.013"/>
  <testcase classname="p3.realtime" name="refresh" time="0.017"/>
  <testcase classname="p3.realtime" name="refresh" time="0.481"/>
  <testcase classname="p3.realtime" name="clicking" time="0.527"/>
  <testcase classname="p3.realtime" name="closing" time="3.123"/>
</testsuite> <!-- p3.realtime -->
