<?xml version="1.0" encoding="UTF-8"?>
<!-- Generated by org.testng.reporters.JUnitReportReporter -->
<testsuite hostname="LAPTOP-8UO1LSFM" failures="0" tests="2" name="p2.T3" time="0.010" errors="0" timestamp="2023-08-12T10:49:20 SGT" skipped="0">
  <testcase classname="p2.T3" name="visiting" time="0.009"/>
  <testcase classname="p2.T3" name="login" time="0.001"/>
</testsuite> <!-- p2.T3 -->
