<?xml version="1.0" encoding="UTF-8"?>
<!-- Generated by org.testng.reporters.JUnitReportReporter -->
<testsuite hostname="LAPTOP-8UO1LSFM" failures="0" tests="1" name="p3.r3" time="3.726" errors="0" timestamp="2023-08-13T11:02:36 SGT" skipped="0">
  <testcase classname="p3.r3" name="bt" time="3.726"/>
</testsuite> <!-- p3.r3 -->
