<?xml version="1.0" encoding="UTF-8"?>
<!-- Generated by org.testng.reporters.JUnitReportReporter -->
<testsuite hostname="LAPTOP-8UO1LSFM" failures="0" tests="1" name="P1.C1" time="2.323" errors="0" timestamp="2023-08-19T11:12:18 SGT" skipped="0">
  <testcase classname="P1.C1" name="test1" time="2.323"/>
</testsuite> <!-- P1.C1 -->
