<?xml version="1.0" encoding="UTF-8"?>
<!-- Generated by org.testng.reporters.JUnitReportReporter -->
<testsuite hostname="LAPTOP-8UO1LSFM" failures="0" tests="1" name="P1.C2" time="12.732" errors="0" timestamp="2023-08-19T11:30:59 SGT" skipped="0">
  <testcase classname="P1.C2" name="test2" time="12.732"/>
</testsuite> <!-- P1.C2 -->
