<?xml version="1.0" encoding="UTF-8"?>
<!-- Generated by org.testng.reporters.JUnitReportReporter -->
<testsuite hostname="LAPTOP-8UO1LSFM" failures="0" tests="1" name="P2.C3" time="9.702" errors="0" timestamp="2023-08-19T11:12:18 SGT" skipped="0">
  <testcase classname="P2.C3" name="test3" time="9.702"/>
</testsuite> <!-- P2.C3 -->
