<?xml version="1.0" encoding="UTF-8"?>
<!-- Generated by org.testng.reporters.JUnitReportReporter -->
<testsuite hostname="LAPTOP-8UO1LSFM" failures="0" tests="1" name="ExcelRead1.E1" time="0.728" errors="0" timestamp="2023-08-19T12:04:48 SGT" skipped="0">
  <testcase classname="ExcelRead1.E1" name="readexcel" time="0.728"/>
</testsuite> <!-- ExcelRead1.E1 -->
