<?xml version="1.0" encoding="UTF-8"?>
<!-- Generated by org.testng.reporters.JUnitReportReporter -->
<testsuite hostname="LAPTOP-8UO1LSFM" failures="0" tests="1" name="Param.c1" time="5.493" errors="0" timestamp="2023-08-20T11:08:42 SGT" skipped="0">
  <testcase classname="Param.c1" name="testp" time="5.493"/>
</testsuite> <!-- Param.c1 -->
