<?xml version="1.0" encoding="UTF-8"?>
<!-- Generated by org.testng.reporters.JUnitReportReporter -->
<testsuite hostname="LAPTOP-8UO1LSFM" failures="0" tests="1" name="AutoITEX1.a1" time="14.656" errors="0" timestamp="2023-09-03T11:47:51 SGT" skipped="0">
  <testcase classname="AutoITEX1.a1" name="t1" time="14.656"/>
</testsuite> <!-- AutoITEX1.a1 -->
