<?xml version="1.0" encoding="UTF-8"?>
<!-- Generated by org.testng.reporters.JUnitReportReporter -->
<testsuite hostname="LAPTOP-8UO1LSFM" failures="0" tests="1" name="Extenreport.c1" time="1.529" errors="0" timestamp="2023-08-27T11:43:10 SGT" skipped="0">
  <testcase classname="Extenreport.c1" name="extentReportsDemo" time="1.529"/>
</testsuite> <!-- Extenreport.c1 -->
