<?xml version="1.0" encoding="UTF-8"?>
<!-- Generated by org.testng.reporters.JUnitReportReporter -->
<testsuite hostname="LAPTOP-8UO1LSFM" failures="0" tests="1" name="AutoITEX1.a1" time="11.542" errors="0" timestamp="2023-08-27T11:29:22 SGT" skipped="0">
  <testcase classname="AutoITEX1.a1" name="t1" time="11.542"/>
</testsuite> <!-- AutoITEX1.a1 -->
