<?xml version="1.0" encoding="UTF-8"?>
<!-- Generated by org.testng.reporters.JUnitReportReporter -->
<testsuite hostname="LAPTOP-8UO1LSFM" failures="0" tests="3" name="DataProvider.d1" time="16.415" errors="0" timestamp="2023-08-26T12:03:40 SGT" skipped="0">
  <testcase classname="DataProvider.d1" name="DataProvSampleTest" time="4.704"/>
  <testcase classname="DataProvider.d1" name="DataProvSampleTest" time="7.080"/>
  <testcase classname="DataProvider.d1" name="DataProvSampleTest" time="4.631"/>
</testsuite> <!-- DataProvider.d1 -->
