<?xml version="1.0" encoding="UTF-8"?>
<!-- Generated by org.testng.reporters.JUnitReportReporter -->
<testsuite hostname="LAPTOP-8UO1LSFM" failures="0" tests="1" name="JenkinsPackage.B1" time="3.062" errors="0" timestamp="15 Sep 2023 13:10:50 GMT" skipped="0">
  <testcase classname="JenkinsPackage.B1" name="t2" time="3.062"/>
</testsuite> <!-- JenkinsPackage.B1 -->
